0 info it worked if it ends with ok
1 verbose cli [ 'node', '/usr/local/bin/npm', 'install', 'pijs.io' ]
2 info using npm@2.11.3
3 info using node@v0.12.7
4 verbose install initial load of /Users/bernardobozo/Desktop/Github/Git:/Pi_MotionJS/package.json
5 verbose installManyTop reading scoped package data from /Users/bernardobozo/Desktop/Github/Git:/Pi_MotionJS/node_modules/debug/package.json
6 verbose installManyTop reading scoped package data from /Users/bernardobozo/Desktop/Github/Git:/Pi_MotionJS/node_modules/engine.io/package.json
7 verbose installManyTop reading scoped package data from /Users/bernardobozo/Desktop/Github/Git:/Pi_MotionJS/node_modules/expect.js/package.json
8 verbose installManyTop reading scoped package data from /Users/bernardobozo/Desktop/Github/Git:/Pi_MotionJS/node_modules/express/package.json
9 verbose installManyTop reading scoped package data from /Users/bernardobozo/Desktop/Github/Git:/Pi_MotionJS/node_modules/gpio/package.json
10 verbose installManyTop reading scoped package data from /Users/bernardobozo/Desktop/Github/Git:/Pi_MotionJS/node_modules/has-binary-data/package.json
11 verbose installManyTop reading scoped package data from /Users/bernardobozo/Desktop/Github/Git:/Pi_MotionJS/node_modules/istanbul/package.json
12 verbose installManyTop reading scoped package data from /Users/bernardobozo/Desktop/Github/Git:/Pi_MotionJS/node_modules/mocha/package.json
13 verbose installManyTop reading scoped package data from /Users/bernardobozo/Desktop/Github/Git:/Pi_MotionJS/node_modules/socket.io-adapter/package.json
14 verbose installManyTop reading scoped package data from /Users/bernardobozo/Desktop/Github/Git:/Pi_MotionJS/node_modules/socket.io-client/package.json
15 verbose installManyTop reading scoped package data from /Users/bernardobozo/Desktop/Github/Git:/Pi_MotionJS/node_modules/socket.io-parser/package.json
16 verbose installManyTop reading scoped package data from /Users/bernardobozo/Desktop/Github/Git:/Pi_MotionJS/node_modules/superagent/package.json
17 verbose installManyTop reading scoped package data from /Users/bernardobozo/Desktop/Github/Git:/Pi_MotionJS/node_modules/supertest/package.json
18 info package.json debug@0.7.4 No license field.
19 info package.json engine.io@1.4.0 No license field.
20 info package.json expect.js@0.3.1 No license field.
21 info package.json istanbul@0.2.3 No license field.
22 info package.json has-binary-data@0.1.3 No repository field.
23 info package.json mocha@1.16.2 No license field.
24 info package.json socket.io-adapter@0.2.0 No repository field.
25 info package.json socket.io-adapter@0.2.0 No license field.
26 info package.json superagent@0.17.0 No license field.
27 info package.json gpio@0.2.7 No license field.
28 verbose readDependencies loading dependencies from /Users/bernardobozo/Desktop/Github/Git:/Pi_MotionJS/package.json
29 silly cache add args [ 'pijs.io', null ]
30 verbose cache add spec pijs.io
31 silly cache add parsed spec { raw: 'pijs.io',
31 silly cache add   scope: null,
31 silly cache add   name: 'pijs.io',
31 silly cache add   rawSpec: '',
31 silly cache add   spec: '*',
31 silly cache add   type: 'range' }
32 silly addNamed pijs.io@*
33 verbose addNamed "*" is a valid semver range for pijs.io
34 silly addNameRange { name: 'pijs.io', range: '*', hasData: false }
35 silly mapToRegistry name pijs.io
36 silly mapToRegistry using default registry
37 silly mapToRegistry registry https://registry.npmjs.org/
38 silly mapToRegistry uri https://registry.npmjs.org/pijs.io
39 verbose addNameRange registry:https://registry.npmjs.org/pijs.io not in flight; fetching
40 verbose request uri https://registry.npmjs.org/pijs.io
41 verbose request no auth needed
42 info attempt registry request try #1 at 3:08:50 PM
43 verbose request id 0cad88f0a72bdb49
44 http request GET https://registry.npmjs.org/pijs.io
45 http 404 https://registry.npmjs.org/pijs.io
46 verbose headers { 'content-type': 'application/json',
46 verbose headers   'cache-control': 'max-age=0',
46 verbose headers   'content-length': '2',
46 verbose headers   'accept-ranges': 'bytes',
46 verbose headers   date: 'Wed, 09 Mar 2016 15:08:50 GMT',
46 verbose headers   via: '1.1 varnish',
46 verbose headers   age: '0',
46 verbose headers   connection: 'keep-alive',
46 verbose headers   'x-served-by': 'cache-lhr6326-LHR',
46 verbose headers   'x-cache': 'MISS',
46 verbose headers   'x-cache-hits': '0',
46 verbose headers   'x-timer': 'S1457536130.145084,VS0,VE104' }
47 silly get cb [ 404,
47 silly get   { 'content-type': 'application/json',
47 silly get     'cache-control': 'max-age=0',
47 silly get     'content-length': '2',
47 silly get     'accept-ranges': 'bytes',
47 silly get     date: 'Wed, 09 Mar 2016 15:08:50 GMT',
47 silly get     via: '1.1 varnish',
47 silly get     age: '0',
47 silly get     connection: 'keep-alive',
47 silly get     'x-served-by': 'cache-lhr6326-LHR',
47 silly get     'x-cache': 'MISS',
47 silly get     'x-cache-hits': '0',
47 silly get     'x-timer': 'S1457536130.145084,VS0,VE104' } ]
48 verbose stack Error: Registry returned 404 for GET on https://registry.npmjs.org/pijs.io
48 verbose stack     at CachingRegistryClient.<anonymous> (/usr/local/lib/node_modules/npm/node_modules/npm-registry-client/lib/request.js:239:14)
48 verbose stack     at Request._callback (/usr/local/lib/node_modules/npm/node_modules/npm-registry-client/lib/request.js:170:14)
48 verbose stack     at Request.self.callback (/usr/local/lib/node_modules/npm/node_modules/request/request.js:354:22)
48 verbose stack     at Request.emit (events.js:110:17)
48 verbose stack     at Request.<anonymous> (/usr/local/lib/node_modules/npm/node_modules/request/request.js:1207:14)
48 verbose stack     at Request.emit (events.js:129:20)
48 verbose stack     at IncomingMessage.<anonymous> (/usr/local/lib/node_modules/npm/node_modules/request/request.js:1153:12)
48 verbose stack     at IncomingMessage.emit (events.js:129:20)
48 verbose stack     at _stream_readable.js:908:16
48 verbose stack     at process._tickCallback (node.js:355:11)
49 verbose statusCode 404
50 verbose pkgid pijs.io
51 verbose cwd /Users/bernardobozo/Desktop/Github/Git:/Pi_MotionJS/public/video
52 error Darwin 15.3.0
53 error argv "node" "/usr/local/bin/npm" "install" "pijs.io"
54 error node v0.12.7
55 error npm  v2.11.3
56 error code E404
57 error 404 Registry returned 404 for GET on https://registry.npmjs.org/pijs.io
57 error 404
57 error 404 'pijs.io' is not in the npm registry.
57 error 404 You should bug the author to publish it (or use the name yourself!)
57 error 404
57 error 404 Note that you can also install from a
57 error 404 tarball, folder, http url, or git url.
58 verbose exit [ 1, true ]
